oct 13, 2024 1:12:14 P. M. MsgSSLClientSocket main
SEVERE: Error en el cliente
java.net.ConnectException: Connection refused: connect
	at java.base/sun.nio.ch.Net.connect0(Native Method)
	at java.base/sun.nio.ch.Net.connect(Net.java:589)
	at java.base/sun.nio.ch.Net.connect(Net.java:578)
	at java.base/sun.nio.ch.NioSocketImpl.connect(NioSocketImpl.java:583)
	at java.base/java.net.SocksSocketImpl.connect(SocksSocketImpl.java:327)
	at java.base/java.net.Socket.connect(Socket.java:760)
	at java.base/sun.security.ssl.SSLSocketImpl.connect(SSLSocketImpl.java:304)
	at java.base/sun.security.ssl.SSLSocketImpl.<init>(SSLSocketImpl.java:163)
	at java.base/sun.security.ssl.SSLSocketFactoryImpl.createSocket(SSLSocketFactoryImpl.java:86)
	at MsgSSLClientSocket.main(MsgSSLClientSocket.java:58)

oct 13, 2024 1:30:27 P. M. MsgSSLClientSocket main
SEVERE: Error en el cliente
java.net.SocketException: Connection reset
	at java.base/sun.nio.ch.NioSocketImpl.implRead(NioSocketImpl.java:318)
	at java.base/sun.nio.ch.NioSocketImpl.read(NioSocketImpl.java:346)
	at java.base/sun.nio.ch.NioSocketImpl$1.read(NioSocketImpl.java:796)
	at java.base/java.net.Socket$SocketInputStream.implRead(Socket.java:1116)
	at java.base/java.net.Socket$SocketInputStream.read(Socket.java:1103)
	at java.base/sun.security.ssl.SSLSocketInputRecord.read(SSLSocketInputRecord.java:489)
	at java.base/sun.security.ssl.SSLSocketInputRecord.readHeader(SSLSocketInputRecord.java:483)
	at java.base/sun.security.ssl.SSLSocketInputRecord.bytesInCompletePacket(SSLSocketInputRecord.java:70)
	at java.base/sun.security.ssl.SSLSocketImpl.readApplicationRecord(SSLSocketImpl.java:1462)
	at java.base/sun.security.ssl.SSLSocketImpl$AppInputStream.read(SSLSocketImpl.java:1068)
	at java.base/sun.nio.cs.StreamDecoder.readBytes(StreamDecoder.java:350)
	at java.base/sun.nio.cs.StreamDecoder.implRead(StreamDecoder.java:393)
	at java.base/sun.nio.cs.StreamDecoder.lockedRead(StreamDecoder.java:217)
	at java.base/sun.nio.cs.StreamDecoder.read(StreamDecoder.java:171)
	at java.base/java.io.InputStreamReader.read(InputStreamReader.java:190)
	at java.base/java.io.BufferedReader.fill(BufferedReader.java:160)
	at java.base/java.io.BufferedReader.implReadLine(BufferedReader.java:370)
	at java.base/java.io.BufferedReader.readLine(BufferedReader.java:347)
	at java.base/java.io.BufferedReader.readLine(BufferedReader.java:436)
	at MsgSSLClientSocket.main(MsgSSLClientSocket.java:76)

